[INFO][2024-05-29 08:36:06,523][com.kanlon.utils.GoogleTranslateUtil]使用了谷歌翻译
[INFO][2024-05-29 08:36:07,381][com.kanlon.utils.GoogleTranslateUtil]所用纳秒时间：746866800，共：748毫秒
[INFO][2024-05-29 08:36:07,382][com.kanlon.LanguageDistinguishTest]识别1的文本为：nihao,结果为：{"zh-CN":1.00}
[INFO][2024-05-29 08:36:25,519][com.kanlon.utils.GoogleTranslateUtil]使用了谷歌翻译
[INFO][2024-05-29 08:36:26,061][com.kanlon.utils.GoogleTranslateUtil]所用纳秒时间：494259200，共：494毫秒
[INFO][2024-05-29 08:36:26,062][com.kanlon.LanguageDistinguishTest]识别1的文本为：apple,结果为：{"en":1.00}
[INFO][2024-05-29 08:46:38,671][com.kanlon.utils.GoogleTranslateUtil]使用了谷歌翻译
[INFO][2024-05-29 08:46:39,316][com.kanlon.utils.GoogleTranslateUtil]所用纳秒时间：591440500，共：592毫秒
[INFO][2024-05-29 08:46:39,317][com.kanlon.LanguageDistinguishTest]识别1的文本为：kuangquanshui,结果为：{"zh-CN":1.00}
[INFO][2024-05-29 09:48:18,591][com.kanlon.utils.GoogleTranslateUtil]使用了谷歌翻译
[ERROR][2024-05-29 16:31:43,657][com.kanlon.utils.GoogleTranslateUtil]调用谷歌翻译功能识别语言类别出现错误
java.lang.RuntimeException: 发送GET请求出现异常！Connection timed out: connect
	at com.kanlon.utils.HttpRequestUtil.sendGet(HttpRequestUtil.java:53)
	at com.kanlon.utils.GoogleTranslateUtil.getLanguageFromGoogle(GoogleTranslateUtil.java:53)
	at com.kanlon.language.LanguageDistinguish.getLanguageByString(LanguageDistinguish.java:70)
	at com.kanlon.LanguageDistinguishTest.test013(LanguageDistinguishTest.java:50)
	at java.base/jdk.internal.reflect.NativeMethodAccessorImpl.invoke0(Native Method)
	at java.base/jdk.internal.reflect.NativeMethodAccessorImpl.invoke(NativeMethodAccessorImpl.java:62)
	at java.base/jdk.internal.reflect.DelegatingMethodAccessorImpl.invoke(DelegatingMethodAccessorImpl.java:43)
	at java.base/java.lang.reflect.Method.invoke(Method.java:566)
	at org.junit.runners.model.FrameworkMethod$1.runReflectiveCall(FrameworkMethod.java:59)
	at org.junit.internal.runners.model.ReflectiveCallable.run(ReflectiveCallable.java:12)
	at org.junit.runners.model.FrameworkMethod.invokeExplosively(FrameworkMethod.java:56)
	at org.junit.internal.runners.statements.InvokeMethod.evaluate(InvokeMethod.java:17)
	at org.junit.runners.ParentRunner$3.evaluate(ParentRunner.java:306)
	at org.junit.runners.BlockJUnit4ClassRunner$1.evaluate(BlockJUnit4ClassRunner.java:100)
	at org.junit.runners.ParentRunner.runLeaf(ParentRunner.java:366)
	at org.junit.runners.BlockJUnit4ClassRunner.runChild(BlockJUnit4ClassRunner.java:103)
	at org.junit.runners.BlockJUnit4ClassRunner.runChild(BlockJUnit4ClassRunner.java:63)
	at org.junit.runners.ParentRunner$4.run(ParentRunner.java:331)
	at org.junit.runners.ParentRunner$1.schedule(ParentRunner.java:79)
	at org.junit.runners.ParentRunner.runChildren(ParentRunner.java:329)
	at org.junit.runners.ParentRunner.access$100(ParentRunner.java:66)
	at org.junit.runners.ParentRunner$2.evaluate(ParentRunner.java:293)
	at org.junit.runners.ParentRunner$3.evaluate(ParentRunner.java:306)
	at org.junit.runners.ParentRunner.run(ParentRunner.java:413)
	at org.junit.runner.JUnitCore.run(JUnitCore.java:137)
	at com.intellij.junit4.JUnit4IdeaTestRunner.startRunnerWithArgs(JUnit4IdeaTestRunner.java:69)
	at com.intellij.rt.junit.IdeaTestRunner$Repeater$1.execute(IdeaTestRunner.java:38)
	at com.intellij.rt.execution.junit.TestsRepeater.repeat(TestsRepeater.java:11)
	at com.intellij.rt.junit.IdeaTestRunner$Repeater.startRunnerWithArgs(IdeaTestRunner.java:35)
	at com.intellij.rt.junit.JUnitStarter.prepareStreamsAndStart(JUnitStarter.java:232)
	at com.intellij.rt.junit.JUnitStarter.main(JUnitStarter.java:55)
[INFO][2024-05-29 16:32:52,346][com.kanlon.utils.GoogleTranslateUtil]使用了谷歌翻译
[ERROR][2024-05-29 16:33:13,603][com.kanlon.utils.GoogleTranslateUtil]调用谷歌翻译功能识别语言类别出现错误
java.lang.RuntimeException: 发送GET请求出现异常！Connection timed out: connect
	at com.kanlon.utils.HttpRequestUtil.sendGet(HttpRequestUtil.java:53)
	at com.kanlon.utils.GoogleTranslateUtil.getLanguageFromGoogle(GoogleTranslateUtil.java:53)
	at com.kanlon.language.LanguageDistinguish.getLanguageByString(LanguageDistinguish.java:70)
	at com.kanlon.LanguageDistinguishTest.test013(LanguageDistinguishTest.java:50)
	at java.base/jdk.internal.reflect.NativeMethodAccessorImpl.invoke0(Native Method)
	at java.base/jdk.internal.reflect.NativeMethodAccessorImpl.invoke(NativeMethodAccessorImpl.java:62)
	at java.base/jdk.internal.reflect.DelegatingMethodAccessorImpl.invoke(DelegatingMethodAccessorImpl.java:43)
	at java.base/java.lang.reflect.Method.invoke(Method.java:566)
	at org.junit.runners.model.FrameworkMethod$1.runReflectiveCall(FrameworkMethod.java:59)
	at org.junit.internal.runners.model.ReflectiveCallable.run(ReflectiveCallable.java:12)
	at org.junit.runners.model.FrameworkMethod.invokeExplosively(FrameworkMethod.java:56)
	at org.junit.internal.runners.statements.InvokeMethod.evaluate(InvokeMethod.java:17)
	at org.junit.runners.ParentRunner$3.evaluate(ParentRunner.java:306)
	at org.junit.runners.BlockJUnit4ClassRunner$1.evaluate(BlockJUnit4ClassRunner.java:100)
	at org.junit.runners.ParentRunner.runLeaf(ParentRunner.java:366)
	at org.junit.runners.BlockJUnit4ClassRunner.runChild(BlockJUnit4ClassRunner.java:103)
	at org.junit.runners.BlockJUnit4ClassRunner.runChild(BlockJUnit4ClassRunner.java:63)
	at org.junit.runners.ParentRunner$4.run(ParentRunner.java:331)
	at org.junit.runners.ParentRunner$1.schedule(ParentRunner.java:79)
	at org.junit.runners.ParentRunner.runChildren(ParentRunner.java:329)
	at org.junit.runners.ParentRunner.access$100(ParentRunner.java:66)
	at org.junit.runners.ParentRunner$2.evaluate(ParentRunner.java:293)
	at org.junit.runners.ParentRunner$3.evaluate(ParentRunner.java:306)
	at org.junit.runners.ParentRunner.run(ParentRunner.java:413)
	at org.junit.runner.JUnitCore.run(JUnitCore.java:137)
	at com.intellij.junit4.JUnit4IdeaTestRunner.startRunnerWithArgs(JUnit4IdeaTestRunner.java:69)
	at com.intellij.rt.junit.IdeaTestRunner$Repeater$1.execute(IdeaTestRunner.java:38)
	at com.intellij.rt.execution.junit.TestsRepeater.repeat(TestsRepeater.java:11)
	at com.intellij.rt.junit.IdeaTestRunner$Repeater.startRunnerWithArgs(IdeaTestRunner.java:35)
	at com.intellij.rt.junit.JUnitStarter.prepareStreamsAndStart(JUnitStarter.java:232)
	at com.intellij.rt.junit.JUnitStarter.main(JUnitStarter.java:55)
[INFO][2024-05-29 16:33:33,936][com.kanlon.utils.GoogleTranslateUtil]使用了谷歌翻译
[INFO][2024-05-29 16:33:49,148][com.kanlon.LanguageDistinguishTest]识别1的文本为：你好,结果为：{"zh-cn":1.00}
[INFO][2024-05-29 16:33:59,495][com.kanlon.utils.GoogleTranslateUtil]使用了谷歌翻译
[ERROR][2024-05-29 16:34:20,730][com.kanlon.utils.GoogleTranslateUtil]调用谷歌翻译功能识别语言类别出现错误
java.lang.RuntimeException: 发送GET请求出现异常！Connection timed out: connect
	at com.kanlon.utils.HttpRequestUtil.sendGet(HttpRequestUtil.java:53)
	at com.kanlon.utils.GoogleTranslateUtil.getLanguageFromGoogle(GoogleTranslateUtil.java:53)
	at com.kanlon.language.LanguageDistinguish.getLanguageByString(LanguageDistinguish.java:70)
	at com.kanlon.LanguageDistinguishTest.test013(LanguageDistinguishTest.java:50)
	at java.base/jdk.internal.reflect.NativeMethodAccessorImpl.invoke0(Native Method)
	at java.base/jdk.internal.reflect.NativeMethodAccessorImpl.invoke(NativeMethodAccessorImpl.java:62)
	at java.base/jdk.internal.reflect.DelegatingMethodAccessorImpl.invoke(DelegatingMethodAccessorImpl.java:43)
	at java.base/java.lang.reflect.Method.invoke(Method.java:566)
	at org.junit.runners.model.FrameworkMethod$1.runReflectiveCall(FrameworkMethod.java:59)
	at org.junit.internal.runners.model.ReflectiveCallable.run(ReflectiveCallable.java:12)
	at org.junit.runners.model.FrameworkMethod.invokeExplosively(FrameworkMethod.java:56)
	at org.junit.internal.runners.statements.InvokeMethod.evaluate(InvokeMethod.java:17)
	at org.junit.runners.ParentRunner$3.evaluate(ParentRunner.java:306)
	at org.junit.runners.BlockJUnit4ClassRunner$1.evaluate(BlockJUnit4ClassRunner.java:100)
	at org.junit.runners.ParentRunner.runLeaf(ParentRunner.java:366)
	at org.junit.runners.BlockJUnit4ClassRunner.runChild(BlockJUnit4ClassRunner.java:103)
	at org.junit.runners.BlockJUnit4ClassRunner.runChild(BlockJUnit4ClassRunner.java:63)
	at org.junit.runners.ParentRunner$4.run(ParentRunner.java:331)
	at org.junit.runners.ParentRunner$1.schedule(ParentRunner.java:79)
	at org.junit.runners.ParentRunner.runChildren(ParentRunner.java:329)
	at org.junit.runners.ParentRunner.access$100(ParentRunner.java:66)
	at org.junit.runners.ParentRunner$2.evaluate(ParentRunner.java:293)
	at org.junit.runners.ParentRunner$3.evaluate(ParentRunner.java:306)
	at org.junit.runners.ParentRunner.run(ParentRunner.java:413)
	at org.junit.runner.JUnitCore.run(JUnitCore.java:137)
	at com.intellij.junit4.JUnit4IdeaTestRunner.startRunnerWithArgs(JUnit4IdeaTestRunner.java:69)
	at com.intellij.rt.junit.IdeaTestRunner$Repeater$1.execute(IdeaTestRunner.java:38)
	at com.intellij.rt.execution.junit.TestsRepeater.repeat(TestsRepeater.java:11)
	at com.intellij.rt.junit.IdeaTestRunner$Repeater.startRunnerWithArgs(IdeaTestRunner.java:35)
	at com.intellij.rt.junit.JUnitStarter.prepareStreamsAndStart(JUnitStarter.java:232)
	at com.intellij.rt.junit.JUnitStarter.main(JUnitStarter.java:55)
